[ 2017-06-26T10:39:37+08:00 ] 127.0.0.1 /index.php/
INFO: [ app_init ] --START--
INFO: Run Behavior\BuildLiteBehavior [ RunTime:0.000000s ]
INFO: [ app_init ] --END-- [ RunTime:0.050003s ]
INFO: [ app_begin ] --START--

[ 2017-06-26T10:40:22+08:00 ] 127.0.0.1 /index.php?m=Home&c=Cart&a=header_cart_list
INFO: [ app_init ] --START--
INFO: Run Behavior\BuildLiteBehavior [ RunTime:0.000000s ]
INFO: [ app_init ] --END-- [ RunTime:0.000000s ]
INFO: [ app_begin ] --START--
INFO: Run Behavior\ReadHtmlCacheBehavior [ RunTime:0.006000s ]
INFO: [ app_begin ] --END-- [ RunTime:0.006000s ]
NOTIC: [8] Use of undefined constant discount - assumed 'discount' D:\AppServ\www\fanka\Application\Home\Controller\CartController.class.php 第 37 行.
NOTIC: [8] Use of undefined constant discount - assumed 'discount' D:\AppServ\www\fanka\Application\Home\Controller\CartController.class.php 第 37 行.
NOTIC: [8] Use of undefined constant discount - assumed 'discount' D:\AppServ\www\fanka\Application\Home\Controller\CartController.class.php 第 37 行.
NOTIC: [8] Use of undefined constant discount - assumed 'discount' D:\AppServ\www\fanka\Application\Home\Controller\CartController.class.php 第 38 行.
NOTIC: [8] Use of undefined constant user_id - assumed 'user_id' D:\AppServ\www\fanka\Application\Home\Controller\CartController.class.php 第 38 行.
NOTIC: [8] Use of undefined constant user_id - assumed 'user_id' D:\AppServ\www\fanka\Application\Home\Logic\CartLogic.class.php 第 195 行.
NOTIC: [8] Undefined variable: total_jifen D:\AppServ\www\fanka\Application\Home\Logic\CartLogic.class.php 第 222 行.
INFO: [ view_begin ] --START--
INFO: Run Home\Behaviors\testBehavior [ RunTime:0.002000s ]
INFO: [ view_begin ] --END-- [ RunTime:0.002000s ]
INFO: [ view_parse ] --START--
INFO: [ template_filter ] --START--
INFO: Run Behavior\ContentReplaceBehavior [ RunTime:0.000000s ]
INFO: [ template_filter ] --END-- [ RunTime:0.000000s ]
NOTIC: [8] Use of undefined constant goods_name - assumed 'goods_name' D:\AppServ\www\fanka\Application\Runtime\Cache\Home\ecd6c5bea5115879e25bfec4026f713b.php 第 15 行.
NOTIC: [8] Use of undefined constant member_goods_price - assumed 'member_goods_price' D:\AppServ\www\fanka\Application\Runtime\Cache\Home\ecd6c5bea5115879e25bfec4026f713b.php 第 21 行.
NOTIC: [8] Use of undefined constant goods_num - assumed 'goods_num' D:\AppServ\www\fanka\Application\Runtime\Cache\Home\ecd6c5bea5115879e25bfec4026f713b.php 第 23 行.
NOTIC: [8] Use of undefined constant num - assumed 'num' D:\AppServ\www\fanka\Application\Runtime\Cache\Home\ecd6c5bea5115879e25bfec4026f713b.php 第 35 行.
NOTIC: [8] Use of undefined constant total_fee - assumed 'total_fee' D:\AppServ\www\fanka\Application\Runtime\Cache\Home\ecd6c5bea5115879e25bfec4026f713b.php 第 35 行.
NOTIC: [8] Use of undefined constant anum - assumed 'anum' D:\AppServ\www\fanka\Application\Runtime\Cache\Home\ecd6c5bea5115879e25bfec4026f713b.php 第 39 行.
NOTIC: [8] Undefined index: anum D:\AppServ\www\fanka\Application\Runtime\Cache\Home\ecd6c5bea5115879e25bfec4026f713b.php 第 39 行.
INFO: Run Behavior\ParseTemplateBehavior [ RunTime:0.089005s ]
INFO: [ view_parse ] --END-- [ RunTime:0.089005s ]
INFO: [ view_filter ] --START--
INFO: Run Behavior\WriteHtmlCacheBehavior [ RunTime:0.001000s ]
INFO: Run Behavior\TokenBuildBehavior [ RunTime:0.001000s ]
INFO: [ view_filter ] --END-- [ RunTime:0.002000s ]
INFO: [ app_end ] --START--
INFO: Run Behavior\ShowPageTraceBehavior [ RunTime:0.001000s ]
INFO: [ app_end ] --END-- [ RunTime:0.001000s ]

