[ 2017-06-23T15:25:57+08:00 ] 127.0.0.1 /index.php/Admin/System/cleanCache
INFO: [ app_init ] --START--
INFO: Run Behavior\BuildLiteBehavior [ RunTime:0.000000s ]
INFO: [ app_init ] --END-- [ RunTime:0.001000s ]
INFO: [ app_begin ] --START--
INFO: Run Behavior\ReadHtmlCacheBehavior [ RunTime:0.000000s ]
INFO: [ app_begin ] --END-- [ RunTime:0.000000s ]
NOTIC: [8] Undefined index: cleanCache D:\AppServ\www\fanka\Application\Admin\Common\function.php 第 69 行.
INFO: [ view_begin ] --START--
INFO: Run Home\Behaviors\testBehavior [ RunTime:0.002000s ]
INFO: [ view_begin ] --END-- [ RunTime:0.002000s ]
INFO: [ view_parse ] --START--
INFO: [ template_filter ] --START--
INFO: Run Behavior\ContentReplaceBehavior [ RunTime:0.000000s ]
INFO: [ template_filter ] --END-- [ RunTime:0.000000s ]
INFO: Run Behavior\ParseTemplateBehavior [ RunTime:0.012001s ]
INFO: [ view_parse ] --END-- [ RunTime:0.012001s ]
INFO: [ view_filter ] --START--
INFO: Run Behavior\WriteHtmlCacheBehavior [ RunTime:0.000000s ]
INFO: Run Behavior\TokenBuildBehavior [ RunTime:0.001000s ]
INFO: [ view_filter ] --END-- [ RunTime:0.001000s ]

[ 2017-06-23T15:25:58+08:00 ] 127.0.0.1 /index.php/Admin/System/cleanCache
INFO: [ app_init ] --START--
INFO: Run Behavior\BuildLiteBehavior [ RunTime:0.000000s ]
INFO: [ app_init ] --END-- [ RunTime:0.001000s ]
INFO: [ app_begin ] --START--
INFO: Run Behavior\ReadHtmlCacheBehavior [ RunTime:0.001000s ]
INFO: [ app_begin ] --END-- [ RunTime:0.001000s ]
NOTIC: [8] Undefined index: cleanCache D:\AppServ\www\fanka\Application\Admin\Common\function.php 第 69 行.
INFO: [ view_begin ] --START--
INFO: Run Home\Behaviors\testBehavior [ RunTime:0.000000s ]
INFO: [ view_begin ] --END-- [ RunTime:0.000000s ]
INFO: [ view_parse ] --START--
INFO: [ template_filter ] --START--
INFO: Run Behavior\ContentReplaceBehavior [ RunTime:0.000000s ]
INFO: [ template_filter ] --END-- [ RunTime:0.000000s ]
INFO: Run Behavior\ParseTemplateBehavior [ RunTime:0.015600s ]
INFO: [ view_parse ] --END-- [ RunTime:0.015600s ]
INFO: [ view_filter ] --START--
INFO: Run Behavior\WriteHtmlCacheBehavior [ RunTime:0.000000s ]
INFO: Run Behavior\TokenBuildBehavior [ RunTime:0.000000s ]
INFO: [ view_filter ] --END-- [ RunTime:0.000000s ]
INFO: [ app_end ] --START--
INFO: Run Behavior\ShowPageTraceBehavior [ RunTime:0.000000s ]
INFO: [ app_end ] --END-- [ RunTime:0.000000s ]

[ 2017-06-23T15:45:26+08:00 ] 127.0.0.1 /index.php/Admin/Order/index
INFO: [ app_init ] --START--
INFO: Run Behavior\BuildLiteBehavior [ RunTime:0.000000s ]
INFO: [ app_init ] --END-- [ RunTime:0.001000s ]
INFO: [ app_begin ] --START--
INFO: Run Behavior\ReadHtmlCacheBehavior [ RunTime:0.000000s ]
INFO: [ app_begin ] --END-- [ RunTime:0.000000s ]
INFO: [ view_begin ] --START--
INFO: Run Home\Behaviors\testBehavior [ RunTime:0.000000s ]
INFO: [ view_begin ] --END-- [ RunTime:0.000000s ]
INFO: [ view_parse ] --START--
INFO: [ template_filter ] --START--
INFO: Run Behavior\ContentReplaceBehavior [ RunTime:0.000000s ]
INFO: [ template_filter ] --END-- [ RunTime:0.000000s ]
INFO: Run Behavior\ParseTemplateBehavior [ RunTime:0.011000s ]
INFO: [ view_parse ] --END-- [ RunTime:0.011000s ]
INFO: [ view_filter ] --START--
INFO: Run Behavior\WriteHtmlCacheBehavior [ RunTime:0.001000s ]
INFO: Run Behavior\TokenBuildBehavior [ RunTime:0.001000s ]
INFO: [ view_filter ] --END-- [ RunTime:0.002000s ]

[ 2017-06-23T15:45:27+08:00 ] 127.0.0.1 /index.php/Admin/Admin/login
INFO: [ app_init ] --START--
INFO: Run Behavior\BuildLiteBehavior [ RunTime:0.000000s ]
INFO: [ app_init ] --END-- [ RunTime:0.000000s ]
INFO: [ app_begin ] --START--
INFO: Run Behavior\ReadHtmlCacheBehavior [ RunTime:0.001000s ]
INFO: [ app_begin ] --END-- [ RunTime:0.001000s ]
NOTIC: [8] Undefined index: login D:\AppServ\www\fanka\Application\Admin\Common\function.php 第 69 行.
INFO: [ view_begin ] --START--
INFO: Run Home\Behaviors\testBehavior [ RunTime:0.000000s ]
INFO: [ view_begin ] --END-- [ RunTime:0.000000s ]
INFO: [ view_parse ] --START--
INFO: [ template_filter ] --START--
INFO: Run Behavior\ContentReplaceBehavior [ RunTime:0.000000s ]
INFO: [ template_filter ] --END-- [ RunTime:0.000000s ]
INFO: Run Behavior\ParseTemplateBehavior [ RunTime:0.015600s ]
INFO: [ view_parse ] --END-- [ RunTime:0.015600s ]
INFO: [ view_filter ] --START--
INFO: Run Behavior\WriteHtmlCacheBehavior [ RunTime:0.001001s ]
INFO: Run Behavior\TokenBuildBehavior [ RunTime:0.001000s ]
INFO: [ view_filter ] --END-- [ RunTime:0.002001s ]
INFO: [ app_end ] --START--
INFO: Run Behavior\ShowPageTraceBehavior [ RunTime:0.001000s ]
INFO: [ app_end ] --END-- [ RunTime:0.001000s ]

[ 2017-06-23T15:45:27+08:00 ] 127.0.0.1 /index.php/Admin/Admin/vertify
INFO: [ app_init ] --START--
INFO: Run Behavior\BuildLiteBehavior [ RunTime:0.000000s ]
INFO: [ app_init ] --END-- [ RunTime:0.000000s ]
INFO: [ app_begin ] --START--
INFO: Run Behavior\ReadHtmlCacheBehavior [ RunTime:0.001000s ]
INFO: [ app_begin ] --END-- [ RunTime:0.001000s ]
NOTIC: [8] Undefined index: vertify D:\AppServ\www\fanka\Application\Admin\Common\function.php 第 69 行.
INFO: [ app_end ] --START--
INFO: Run Behavior\ShowPageTraceBehavior [ RunTime:0.001000s ]
INFO: [ app_end ] --END-- [ RunTime:0.001000s ]

[ 2017-06-23T15:45:39+08:00 ] 127.0.0.1 /index.php?m=Admin&c=Admin&a=login&t=0.96369288554112
INFO: [ app_init ] --START--
INFO: Run Behavior\BuildLiteBehavior [ RunTime:0.000000s ]
INFO: [ app_init ] --END-- [ RunTime:0.001000s ]
INFO: [ app_begin ] --START--
INFO: Run Behavior\ReadHtmlCacheBehavior [ RunTime:0.001000s ]
INFO: [ app_begin ] --END-- [ RunTime:0.001000s ]
NOTIC: [8] Undefined index: login D:\AppServ\www\fanka\Application\Admin\Common\function.php 第 69 行.

[ 2017-06-23T15:45:39+08:00 ] 127.0.0.1 /index.php/Admin/Index/index
INFO: [ app_init ] --START--
INFO: Run Behavior\BuildLiteBehavior [ RunTime:0.000000s ]
INFO: [ app_init ] --END-- [ RunTime:0.000000s ]
INFO: [ app_begin ] --START--
INFO: Run Behavior\ReadHtmlCacheBehavior [ RunTime:0.001000s ]
INFO: [ app_begin ] --END-- [ RunTime:0.001000s ]
INFO: [ view_begin ] --START--
INFO: Run Home\Behaviors\testBehavior [ RunTime:0.000000s ]
INFO: [ view_begin ] --END-- [ RunTime:0.000000s ]
INFO: [ view_parse ] --START--
INFO: [ template_filter ] --START--
INFO: Run Behavior\ContentReplaceBehavior [ RunTime:0.000000s ]
INFO: [ template_filter ] --END-- [ RunTime:0.000000s ]
INFO: Run Behavior\ParseTemplateBehavior [ RunTime:0.031200s ]
INFO: [ view_parse ] --END-- [ RunTime:0.031200s ]
INFO: [ view_filter ] --START--
INFO: Run Behavior\WriteHtmlCacheBehavior [ RunTime:0.000000s ]
INFO: Run Behavior\TokenBuildBehavior [ RunTime:0.000000s ]
INFO: [ view_filter ] --END-- [ RunTime:0.000000s ]
INFO: [ app_end ] --START--
INFO: Run Behavior\ShowPageTraceBehavior [ RunTime:0.000000s ]
INFO: [ app_end ] --END-- [ RunTime:0.000000s ]

[ 2017-06-23T15:45:39+08:00 ] 127.0.0.1 /index.php/Admin/System/login_task
INFO: [ app_init ] --START--
INFO: Run Behavior\BuildLiteBehavior [ RunTime:0.000000s ]
INFO: [ app_init ] --END-- [ RunTime:0.001000s ]
INFO: [ app_begin ] --START--
INFO: Run Behavior\ReadHtmlCacheBehavior [ RunTime:0.000000s ]
INFO: [ app_begin ] --END-- [ RunTime:0.001000s ]
NOTIC: [8] Undefined index: login_task D:\AppServ\www\fanka\Application\Admin\Common\function.php 第 69 行.
NOTIC: [2] Invalid argument supplied for foreach() D:\AppServ\www\fanka\Application\Admin\Controller\SystemController.class.php 第 255 行.
INFO: [ app_end ] --START--
INFO: Run Behavior\ShowPageTraceBehavior [ RunTime:0.001000s ]
INFO: [ app_end ] --END-- [ RunTime:0.001000s ]

[ 2017-06-23T15:45:40+08:00 ] 127.0.0.1 /index.php/Admin/Index/welcome
INFO: [ app_init ] --START--
INFO: Run Behavior\BuildLiteBehavior [ RunTime:0.000000s ]
INFO: [ app_init ] --END-- [ RunTime:0.001000s ]
INFO: [ app_begin ] --START--
INFO: Run Behavior\ReadHtmlCacheBehavior [ RunTime:0.001000s ]
INFO: [ app_begin ] --END-- [ RunTime:0.001000s ]
NOTIC: [8] Undefined index: welcome D:\AppServ\www\fanka\Application\Admin\Common\function.php 第 69 行.
NOTIC: [8] Undefined index: version D:\AppServ\www\fanka\Application\Admin\Controller\IndexController.class.php 第 62 行.
INFO: [ view_begin ] --START--
INFO: Run Home\Behaviors\testBehavior [ RunTime:0.001000s ]
INFO: [ view_begin ] --END-- [ RunTime:0.001000s ]
INFO: [ view_parse ] --START--
INFO: [ template_filter ] --START--
INFO: Run Behavior\ContentReplaceBehavior [ RunTime:0.000000s ]
INFO: [ template_filter ] --END-- [ RunTime:0.000000s ]
INFO: Run Behavior\ParseTemplateBehavior [ RunTime:0.016001s ]
INFO: [ view_parse ] --END-- [ RunTime:0.017001s ]
INFO: [ view_filter ] --START--
INFO: Run Behavior\WriteHtmlCacheBehavior [ RunTime:0.001000s ]
INFO: Run Behavior\TokenBuildBehavior [ RunTime:0.001000s ]
INFO: [ view_filter ] --END-- [ RunTime:0.002000s ]
INFO: [ app_end ] --START--
INFO: Run Behavior\ShowPageTraceBehavior [ RunTime:0.001000s ]
INFO: [ app_end ] --END-- [ RunTime:0.001000s ]

[ 2017-06-23T15:45:42+08:00 ] 127.0.0.1 /index.php/Admin/Order/index
INFO: [ app_init ] --START--
INFO: Run Behavior\BuildLiteBehavior [ RunTime:0.000000s ]
INFO: [ app_init ] --END-- [ RunTime:0.000000s ]
INFO: [ app_begin ] --START--
INFO: Run Behavior\ReadHtmlCacheBehavior [ RunTime:0.001000s ]
INFO: [ app_begin ] --END-- [ RunTime:0.001000s ]
INFO: [ view_begin ] --START--
INFO: Run Home\Behaviors\testBehavior [ RunTime:0.001000s ]
INFO: [ view_begin ] --END-- [ RunTime:0.001000s ]
INFO: [ view_parse ] --START--
INFO: [ template_filter ] --START--
INFO: Run Behavior\ContentReplaceBehavior [ RunTime:0.000000s ]
INFO: [ template_filter ] --END-- [ RunTime:0.000000s ]
NOTIC: [8] Use of undefined constant user_id - assumed 'user_id' D:\AppServ\www\fanka\Application\Runtime\Cache\Admin\18bc66a7b6334412ab8e61a2539ecfbd.php 第 184 行.
NOTIC: [8] Undefined index: user_id D:\AppServ\www\fanka\Application\Runtime\Cache\Admin\18bc66a7b6334412ab8e61a2539ecfbd.php 第 184 行.
INFO: Run Behavior\ParseTemplateBehavior [ RunTime:0.024001s ]
INFO: [ view_parse ] --END-- [ RunTime:0.024001s ]
INFO: [ view_filter ] --START--
INFO: Run Behavior\WriteHtmlCacheBehavior [ RunTime:0.001000s ]
INFO: Run Behavior\TokenBuildBehavior [ RunTime:0.000000s ]
INFO: [ view_filter ] --END-- [ RunTime:0.001000s ]
INFO: [ app_end ] --START--
INFO: Run Behavior\ShowPageTraceBehavior [ RunTime:0.001000s ]
INFO: [ app_end ] --END-- [ RunTime:0.002000s ]

[ 2017-06-23T15:45:42+08:00 ] 127.0.0.1 /index.php/Admin/order/ajaxindex/p/1
INFO: [ app_init ] --START--
INFO: Run Behavior\BuildLiteBehavior [ RunTime:0.000000s ]
INFO: [ app_init ] --END-- [ RunTime:0.000000s ]
INFO: [ app_begin ] --START--
INFO: Run Behavior\ReadHtmlCacheBehavior [ RunTime:0.001000s ]
INFO: [ app_begin ] --END-- [ RunTime:0.001000s ]
NOTIC: [8] Undefined index: ajaxindex D:\AppServ\www\fanka\Application\Admin\Common\function.php 第 69 行.
NOTIC: [2] urlencode() expects parameter 1 to be string, array given D:\AppServ\www\fanka\Application\Admin\Controller\OrderController.class.php 第 75 行.
INFO: [ view_begin ] --START--
INFO: Run Home\Behaviors\testBehavior [ RunTime:0.002000s ]
INFO: [ view_begin ] --END-- [ RunTime:0.002000s ]
INFO: [ view_parse ] --START--
INFO: [ template_filter ] --START--
INFO: Run Behavior\ContentReplaceBehavior [ RunTime:0.000000s ]
INFO: [ template_filter ] --END-- [ RunTime:0.000000s ]
NOTIC: [8] Undefined index: total_price D:\AppServ\www\fanka\Application\Runtime\Cache\Admin\8eed6bb92403d43d1e94abecb9ebb26a.php 第 41 行.
NOTIC: [8] Use of undefined constant order_status - assumed 'order_status' D:\AppServ\www\fanka\Application\Runtime\Cache\Admin\8eed6bb92403d43d1e94abecb9ebb26a.php 第 43 行.
NOTIC: [8] Undefined index: is_cod D:\AppServ\www\fanka\Application\Runtime\Cache\Admin\8eed6bb92403d43d1e94abecb9ebb26a.php 第 43 行.
NOTIC: [8] Use of undefined constant pay_status - assumed 'pay_status' D:\AppServ\www\fanka\Application\Runtime\Cache\Admin\8eed6bb92403d43d1e94abecb9ebb26a.php 第 44 行.
NOTIC: [8] Use of undefined constant shipping_status - assumed 'shipping_status' D:\AppServ\www\fanka\Application\Runtime\Cache\Admin\8eed6bb92403d43d1e94abecb9ebb26a.php 第 45 行.
NOTIC: [8] Undefined index: total_price D:\AppServ\www\fanka\Application\Runtime\Cache\Admin\8eed6bb92403d43d1e94abecb9ebb26a.php 第 41 行.
NOTIC: [8] Use of undefined constant order_status - assumed 'order_status' D:\AppServ\www\fanka\Application\Runtime\Cache\Admin\8eed6bb92403d43d1e94abecb9ebb26a.php 第 43 行.
NOTIC: [8] Undefined index: is_cod D:\AppServ\www\fanka\Application\Runtime\Cache\Admin\8eed6bb92403d43d1e94abecb9ebb26a.php 第 43 行.
NOTIC: [8] Use of undefined constant pay_status - assumed 'pay_status' D:\AppServ\www\fanka\Application\Runtime\Cache\Admin\8eed6bb92403d43d1e94abecb9ebb26a.php 第 44 行.
NOTIC: [8] Use of undefined constant shipping_status - assumed 'shipping_status' D:\AppServ\www\fanka\Application\Runtime\Cache\Admin\8eed6bb92403d43d1e94abecb9ebb26a.php 第 45 行.
NOTIC: [8] Undefined index: total_price D:\AppServ\www\fanka\Application\Runtime\Cache\Admin\8eed6bb92403d43d1e94abecb9ebb26a.php 第 41 行.
NOTIC: [8] Use of undefined constant order_status - assumed 'order_status' D:\AppServ\www\fanka\Application\Runtime\Cache\Admin\8eed6bb92403d43d1e94abecb9ebb26a.php 第 43 行.
NOTIC: [8] Undefined index: is_cod D:\AppServ\www\fanka\Application\Runtime\Cache\Admin\8eed6bb92403d43d1e94abecb9ebb26a.php 第 43 行.
NOTIC: [8] Use of undefined constant pay_status - assumed 'pay_status' D:\AppServ\www\fanka\Application\Runtime\Cache\Admin\8eed6bb92403d43d1e94abecb9ebb26a.php 第 44 行.
NOTIC: [8] Use of undefined constant shipping_status - assumed 'shipping_status' D:\AppServ\www\fanka\Application\Runtime\Cache\Admin\8eed6bb92403d43d1e94abecb9ebb26a.php 第 45 行.
NOTIC: [8] Undefined index: total_price D:\AppServ\www\fanka\Application\Runtime\Cache\Admin\8eed6bb92403d43d1e94abecb9ebb26a.php 第 41 行.
NOTIC: [8] Use of undefined constant order_status - assumed 'order_status' D:\AppServ\www\fanka\Application\Runtime\Cache\Admin\8eed6bb92403d43d1e94abecb9ebb26a.php 第 43 行.
NOTIC: [8] Undefined index: is_cod D:\AppServ\www\fanka\Application\Runtime\Cache\Admin\8eed6bb92403d43d1e94abecb9ebb26a.php 第 43 行.
NOTIC: [8] Use of undefined constant pay_status - assumed 'pay_status' D:\AppServ\www\fanka\Application\Runtime\Cache\Admin\8eed6bb92403d43d1e94abecb9ebb26a.php 第 44 行.
NOTIC: [8] Use of undefined constant shipping_status - assumed 'shipping_status' D:\AppServ\www\fanka\Application\Runtime\Cache\Admin\8eed6bb92403d43d1e94abecb9ebb26a.php 第 45 行.
NOTIC: [8] Undefined index: total_price D:\AppServ\www\fanka\Application\Runtime\Cache\Admin\8eed6bb92403d43d1e94abecb9ebb26a.php 第 41 行.
NOTIC: [8] Use of undefined constant order_status - assumed 'order_status' D:\AppServ\www\fanka\Application\Runtime\Cache\Admin\8eed6bb92403d43d1e94abecb9ebb26a.php 第 43 行.
NOTIC: [8] Undefined index: is_cod D:\AppServ\www\fanka\Application\Runtime\Cache\Admin\8eed6bb92403d43d1e94abecb9ebb26a.php 第 43 行.
NOTIC: [8] Use of undefined constant pay_status - assumed 'pay_status' D:\AppServ\www\fanka\Application\Runtime\Cache\Admin\8eed6bb92403d43d1e94abecb9ebb26a.php 第 44 行.
NOTIC: [8] Use of undefined constant shipping_status - assumed 'shipping_status' D:\AppServ\www\fanka\Application\Runtime\Cache\Admin\8eed6bb92403d43d1e94abecb9ebb26a.php 第 45 行.
NOTIC: [8] Undefined index: total_price D:\AppServ\www\fanka\Application\Runtime\Cache\Admin\8eed6bb92403d43d1e94abecb9ebb26a.php 第 41 行.
NOTIC: [8] Use of undefined constant order_status - assumed 'order_status' D:\AppServ\www\fanka\Application\Runtime\Cache\Admin\8eed6bb92403d43d1e94abecb9ebb26a.php 第 43 行.
NOTIC: [8] Undefined index: is_cod D:\AppServ\www\fanka\Application\Runtime\Cache\Admin\8eed6bb92403d43d1e94abecb9ebb26a.php 第 43 行.
NOTIC: [8] Use of undefined constant pay_status - assumed 'pay_status' D:\AppServ\www\fanka\Application\Runtime\Cache\Admin\8eed6bb92403d43d1e94abecb9ebb26a.php 第 44 行.
NOTIC: [8] Use of undefined constant shipping_status - assumed 'shipping_status' D:\AppServ\www\fanka\Application\Runtime\Cache\Admin\8eed6bb92403d43d1e94abecb9ebb26a.php 第 45 行.
NOTIC: [8] Undefined index: total_price D:\AppServ\www\fanka\Application\Runtime\Cache\Admin\8eed6bb92403d43d1e94abecb9ebb26a.php 第 41 行.
NOTIC: [8] Use of undefined constant order_status - assumed 'order_status' D:\AppServ\www\fanka\Application\Runtime\Cache\Admin\8eed6bb92403d43d1e94abecb9ebb26a.php 第 43 行.
NOTIC: [8] Undefined index: is_cod D:\AppServ\www\fanka\Application\Runtime\Cache\Admin\8eed6bb92403d43d1e94abecb9ebb26a.php 第 43 行.
NOTIC: [8] Use of undefined constant pay_status - assumed 'pay_status' D:\AppServ\www\fanka\Application\Runtime\Cache\Admin\8eed6bb92403d43d1e94abecb9ebb26a.php 第 44 行.
NOTIC: [8] Use of undefined constant shipping_status - assumed 'shipping_status' D:\AppServ\www\fanka\Application\Runtime\Cache\Admin\8eed6bb92403d43d1e94abecb9ebb26a.php 第 45 行.
NOTIC: [8] Undefined index: total_price D:\AppServ\www\fanka\Application\Runtime\Cache\Admin\8eed6bb92403d43d1e94abecb9ebb26a.php 第 41 行.
NOTIC: [8] Use of undefined constant order_status - assumed 'order_status' D:\AppServ\www\fanka\Application\Runtime\Cache\Admin\8eed6bb92403d43d1e94abecb9ebb26a.php 第 43 行.
NOTIC: [8] Undefined index: is_cod D:\AppServ\www\fanka\Application\Runtime\Cache\Admin\8eed6bb92403d43d1e94abecb9ebb26a.php 第 43 行.
NOTIC: [8] Use of undefined constant pay_status - assumed 'pay_status' D:\AppServ\www\fanka\Application\Runtime\Cache\Admin\8eed6bb92403d43d1e94abecb9ebb26a.php 第 44 行.
NOTIC: [8] Use of undefined constant shipping_status - assumed 'shipping_status' D:\AppServ\www\fanka\Application\Runtime\Cache\Admin\8eed6bb92403d43d1e94abecb9ebb26a.php 第 45 行.
NOTIC: [8] Undefined index: total_price D:\AppServ\www\fanka\Application\Runtime\Cache\Admin\8eed6bb92403d43d1e94abecb9ebb26a.php 第 41 行.
NOTIC: [8] Use of undefined constant order_status - assumed 'order_status' D:\AppServ\www\fanka\Application\Runtime\Cache\Admin\8eed6bb92403d43d1e94abecb9ebb26a.php 第 43 行.
NOTIC: [8] Undefined index: is_cod D:\AppServ\www\fanka\Application\Runtime\Cache\Admin\8eed6bb92403d43d1e94abecb9ebb26a.php 第 43 行.
NOTIC: [8] Use of undefined constant pay_status - assumed 'pay_status' D:\AppServ\www\fanka\Application\Runtime\Cache\Admin\8eed6bb92403d43d1e94abecb9ebb26a.php 第 44 行.
NOTIC: [8] Use of undefined constant shipping_status - assumed 'shipping_status' D:\AppServ\www\fanka\Application\Runtime\Cache\Admin\8eed6bb92403d43d1e94abecb9ebb26a.php 第 45 行.
NOTIC: [8] Undefined index: total_price D:\AppServ\www\fanka\Application\Runtime\Cache\Admin\8eed6bb92403d43d1e94abecb9ebb26a.php 第 41 行.
NOTIC: [8] Use of undefined constant order_status - assumed 'order_status' D:\AppServ\www\fanka\Application\Runtime\Cache\Admin\8eed6bb92403d43d1e94abecb9ebb26a.php 第 43 行.
NOTIC: [8] Undefined index: is_cod D:\AppServ\www\fanka\Application\Runtime\Cache\Admin\8eed6bb92403d43d1e94abecb9ebb26a.php 第 43 行.
NOTIC: [8] Use of undefined constant pay_status - assumed 'pay_status' D:\AppServ\www\fanka\Application\Runtime\Cache\Admin\8eed6bb92403d43d1e94abecb9ebb26a.php 第 44 行.
NOTIC: [8] Use of undefined constant shipping_status - assumed 'shipping_status' D:\AppServ\www\fanka\Application\Runtime\Cache\Admin\8eed6bb92403d43d1e94abecb9ebb26a.php 第 45 行.
NOTIC: [8] Undefined index: total_price D:\AppServ\www\fanka\Application\Runtime\Cache\Admin\8eed6bb92403d43d1e94abecb9ebb26a.php 第 41 行.
NOTIC: [8] Use of undefined constant order_status - assumed 'order_status' D:\AppServ\www\fanka\Application\Runtime\Cache\Admin\8eed6bb92403d43d1e94abecb9ebb26a.php 第 43 行.
NOTIC: [8] Undefined index: is_cod D:\AppServ\www\fanka\Application\Runtime\Cache\Admin\8eed6bb92403d43d1e94abecb9ebb26a.php 第 43 行.
NOTIC: [8] Use of undefined constant pay_status - assumed 'pay_status' D:\AppServ\www\fanka\Application\Runtime\Cache\Admin\8eed6bb92403d43d1e94abecb9ebb26a.php 第 44 行.
NOTIC: [8] Use of undefined constant shipping_status - assumed 'shipping_status' D:\AppServ\www\fanka\Application\Runtime\Cache\Admin\8eed6bb92403d43d1e94abecb9ebb26a.php 第 45 行.
NOTIC: [8] Undefined index: total_price D:\AppServ\www\fanka\Application\Runtime\Cache\Admin\8eed6bb92403d43d1e94abecb9ebb26a.php 第 41 行.
NOTIC: [8] Use of undefined constant order_status - assumed 'order_status' D:\AppServ\www\fanka\Application\Runtime\Cache\Admin\8eed6bb92403d43d1e94abecb9ebb26a.php 第 43 行.
NOTIC: [8] Undefined index: is_cod D:\AppServ\www\fanka\Application\Runtime\Cache\Admin\8eed6bb92403d43d1e94abecb9ebb26a.php 第 43 行.
NOTIC: [8] Use of undefined constant pay_status - assumed 'pay_status' D:\AppServ\www\fanka\Application\Runtime\Cache\Admin\8eed6bb92403d43d1e94abecb9ebb26a.php 第 44 行.
NOTIC: [8] Use of undefined constant shipping_status - assumed 'shipping_status' D:\AppServ\www\fanka\Application\Runtime\Cache\Admin\8eed6bb92403d43d1e94abecb9ebb26a.php 第 45 行.
NOTIC: [8] Undefined index: total_price D:\AppServ\www\fanka\Application\Runtime\Cache\Admin\8eed6bb92403d43d1e94abecb9ebb26a.php 第 41 行.
NOTIC: [8] Use of undefined constant order_status - assumed 'order_status' D:\AppServ\www\fanka\Application\Runtime\Cache\Admin\8eed6bb92403d43d1e94abecb9ebb26a.php 第 43 行.
NOTIC: [8] Undefined index: is_cod D:\AppServ\www\fanka\Application\Runtime\Cache\Admin\8eed6bb92403d43d1e94abecb9ebb26a.php 第 43 行.
NOTIC: [8] Use of undefined constant pay_status - assumed 'pay_status' D:\AppServ\www\fanka\Application\Runtime\Cache\Admin\8eed6bb92403d43d1e94abecb9ebb26a.php 第 44 行.
NOTIC: [8] Use of undefined constant shipping_status - assumed 'shipping_status' D:\AppServ\www\fanka\Application\Runtime\Cache\Admin\8eed6bb92403d43d1e94abecb9ebb26a.php 第 45 行.
NOTIC: [8] Undefined index: total_price D:\AppServ\www\fanka\Application\Runtime\Cache\Admin\8eed6bb92403d43d1e94abecb9ebb26a.php 第 41 行.
NOTIC: [8] Use of undefined constant order_status - assumed 'order_status' D:\AppServ\www\fanka\Application\Runtime\Cache\Admin\8eed6bb92403d43d1e94abecb9ebb26a.php 第 43 行.
NOTIC: [8] Undefined index: is_cod D:\AppServ\www\fanka\Application\Runtime\Cache\Admin\8eed6bb92403d43d1e94abecb9ebb26a.php 第 43 行.
NOTIC: [8] Use of undefined constant pay_status - assumed 'pay_status' D:\AppServ\www\fanka\Application\Runtime\Cache\Admin\8eed6bb92403d43d1e94abecb9ebb26a.php 第 44 行.
NOTIC: [8] Use of undefined constant shipping_status - assumed 'shipping_status' D:\AppServ\www\fanka\Application\Runtime\Cache\Admin\8eed6bb92403d43d1e94abecb9ebb26a.php 第 45 行.
NOTIC: [8] Undefined index: total_price D:\AppServ\www\fanka\Application\Runtime\Cache\Admin\8eed6bb92403d43d1e94abecb9ebb26a.php 第 41 行.
NOTIC: [8] Use of undefined constant order_status - assumed 'order_status' D:\AppServ\www\fanka\Application\Runtime\Cache\Admin\8eed6bb92403d43d1e94abecb9ebb26a.php 第 43 行.
NOTIC: [8] Undefined index: is_cod D:\AppServ\www\fanka\Application\Runtime\Cache\Admin\8eed6bb92403d43d1e94abecb9ebb26a.php 第 43 行.
NOTIC: [8] Use of undefined constant pay_status - assumed 'pay_status' D:\AppServ\www\fanka\Application\Runtime\Cache\Admin\8eed6bb92403d43d1e94abecb9ebb26a.php 第 44 行.
NOTIC: [8] Use of undefined constant shipping_status - assumed 'shipping_status' D:\AppServ\www\fanka\Application\Runtime\Cache\Admin\8eed6bb92403d43d1e94abecb9ebb26a.php 第 45 行.
NOTIC: [8] Undefined index: total_price D:\AppServ\www\fanka\Application\Runtime\Cache\Admin\8eed6bb92403d43d1e94abecb9ebb26a.php 第 41 行.
NOTIC: [8] Use of undefined constant order_status - assumed 'order_status' D:\AppServ\www\fanka\Application\Runtime\Cache\Admin\8eed6bb92403d43d1e94abecb9ebb26a.php 第 43 行.
NOTIC: [8] Undefined index: is_cod D:\AppServ\www\fanka\Application\Runtime\Cache\Admin\8eed6bb92403d43d1e94abecb9ebb26a.php 第 43 行.
NOTIC: [8] Use of undefined constant pay_status - assumed 'pay_status' D:\AppServ\www\fanka\Application\Runtime\Cache\Admin\8eed6bb92403d43d1e94abecb9ebb26a.php 第 44 行.
NOTIC: [8] Use of undefined constant shipping_status - assumed 'shipping_status' D:\AppServ\www\fanka\Application\Runtime\Cache\Admin\8eed6bb92403d43d1e94abecb9ebb26a.php 第 45 行.
NOTIC: [8] Undefined index: total_price D:\AppServ\www\fanka\Application\Runtime\Cache\Admin\8eed6bb92403d43d1e94abecb9ebb26a.php 第 41 行.
NOTIC: [8] Use of undefined constant order_status - assumed 'order_status' D:\AppServ\www\fanka\Application\Runtime\Cache\Admin\8eed6bb92403d43d1e94abecb9ebb26a.php 第 43 行.
NOTIC: [8] Undefined index: is_cod D:\AppServ\www\fanka\Application\Runtime\Cache\Admin\8eed6bb92403d43d1e94abecb9ebb26a.php 第 43 行.
NOTIC: [8] Use of undefined constant pay_status - assumed 'pay_status' D:\AppServ\www\fanka\Application\Runtime\Cache\Admin\8eed6bb92403d43d1e94abecb9ebb26a.php 第 44 行.
NOTIC: [8] Use of undefined constant shipping_status - assumed 'shipping_status' D:\AppServ\www\fanka\Application\Runtime\Cache\Admin\8eed6bb92403d43d1e94abecb9ebb26a.php 第 45 行.
NOTIC: [8] Undefined index: total_price D:\AppServ\www\fanka\Application\Runtime\Cache\Admin\8eed6bb92403d43d1e94abecb9ebb26a.php 第 41 行.
NOTIC: [8] Use of undefined constant order_status - assumed 'order_status' D:\AppServ\www\fanka\Application\Runtime\Cache\Admin\8eed6bb92403d43d1e94abecb9ebb26a.php 第 43 行.
NOTIC: [8] Undefined index: is_cod D:\AppServ\www\fanka\Application\Runtime\Cache\Admin\8eed6bb92403d43d1e94abecb9ebb26a.php 第 43 行.
NOTIC: [8] Use of undefined constant pay_status - assumed 'pay_status' D:\AppServ\www\fanka\Application\Runtime\Cache\Admin\8eed6bb92403d43d1e94abecb9ebb26a.php 第 44 行.
NOTIC: [8] Use of undefined constant shipping_status - assumed 'shipping_status' D:\AppServ\www\fanka\Application\Runtime\Cache\Admin\8eed6bb92403d43d1e94abecb9ebb26a.php 第 45 行.
NOTIC: [8] Undefined index: total_price D:\AppServ\www\fanka\Application\Runtime\Cache\Admin\8eed6bb92403d43d1e94abecb9ebb26a.php 第 41 行.
NOTIC: [8] Use of undefined constant order_status - assumed 'order_status' D:\AppServ\www\fanka\Application\Runtime\Cache\Admin\8eed6bb92403d43d1e94abecb9ebb26a.php 第 43 行.
NOTIC: [8] Undefined index: is_cod D:\AppServ\www\fanka\Application\Runtime\Cache\Admin\8eed6bb92403d43d1e94abecb9ebb26a.php 第 43 行.
NOTIC: [8] Use of undefined constant pay_status - assumed 'pay_status' D:\AppServ\www\fanka\Application\Runtime\Cache\Admin\8eed6bb92403d43d1e94abecb9ebb26a.php 第 44 行.
NOTIC: [8] Use of undefined constant shipping_status - assumed 'shipping_status' D:\AppServ\www\fanka\Application\Runtime\Cache\Admin\8eed6bb92403d43d1e94abecb9ebb26a.php 第 45 行.
NOTIC: [8] Undefined index: total_price D:\AppServ\www\fanka\Application\Runtime\Cache\Admin\8eed6bb92403d43d1e94abecb9ebb26a.php 第 41 行.
NOTIC: [8] Use of undefined constant order_status - assumed 'order_status' D:\AppServ\www\fanka\Application\Runtime\Cache\Admin\8eed6bb92403d43d1e94abecb9ebb26a.php 第 43 行.
NOTIC: [8] Undefined index: is_cod D:\AppServ\www\fanka\Application\Runtime\Cache\Admin\8eed6bb92403d43d1e94abecb9ebb26a.php 第 43 行.
NOTIC: [8] Use of undefined constant pay_status - assumed 'pay_status' D:\AppServ\www\fanka\Application\Runtime\Cache\Admin\8eed6bb92403d43d1e94abecb9ebb26a.php 第 44 行.
NOTIC: [8] Use of undefined constant shipping_status - assumed 'shipping_status' D:\AppServ\www\fanka\Application\Runtime\Cache\Admin\8eed6bb92403d43d1e94abecb9ebb26a.php 第 45 行.
INFO: Run Behavior\ParseTemplateBehavior [ RunTime:0.022001s ]
INFO: [ view_parse ] --END-- [ RunTime:0.022001s ]
INFO: [ view_filter ] --START--
INFO: Run Behavior\WriteHtmlCacheBehavior [ RunTime:0.001001s ]
INFO: Run Behavior\TokenBuildBehavior [ RunTime:0.001000s ]
INFO: [ view_filter ] --END-- [ RunTime:0.002001s ]
INFO: [ app_end ] --START--
INFO: Run Behavior\ShowPageTraceBehavior [ RunTime:0.001000s ]
INFO: [ app_end ] --END-- [ RunTime:0.001000s ]

[ 2017-06-23T17:19:01+08:00 ] 127.0.0.1 /index.php/Admin/Index/index
INFO: [ app_init ] --START--
INFO: Run Behavior\BuildLiteBehavior [ RunTime:0.000000s ]
INFO: [ app_init ] --END-- [ RunTime:0.000000s ]
INFO: [ app_begin ] --START--
INFO: Run Behavior\ReadHtmlCacheBehavior [ RunTime:0.000000s ]
INFO: [ app_begin ] --END-- [ RunTime:0.000000s ]
INFO: [ view_begin ] --START--
INFO: Run Home\Behaviors\testBehavior [ RunTime:0.001000s ]
INFO: [ view_begin ] --END-- [ RunTime:0.002001s ]
INFO: [ view_parse ] --START--
INFO: [ template_filter ] --START--
INFO: Run Behavior\ContentReplaceBehavior [ RunTime:0.000000s ]
INFO: [ template_filter ] --END-- [ RunTime:0.000000s ]
INFO: Run Behavior\ParseTemplateBehavior [ RunTime:0.076004s ]
INFO: [ view_parse ] --END-- [ RunTime:0.076004s ]
INFO: [ view_filter ] --START--
INFO: Run Behavior\WriteHtmlCacheBehavior [ RunTime:0.001000s ]
INFO: Run Behavior\TokenBuildBehavior [ RunTime:0.001000s ]
INFO: [ view_filter ] --END-- [ RunTime:0.002000s ]

[ 2017-06-23T17:19:01+08:00 ] 127.0.0.1 /index.php/Admin/System/index/inc_type/shopping
INFO: [ app_init ] --START--
INFO: Run Behavior\BuildLiteBehavior [ RunTime:0.000000s ]
INFO: [ app_init ] --END-- [ RunTime:0.000000s ]
INFO: [ app_begin ] --START--
INFO: Run Behavior\ReadHtmlCacheBehavior [ RunTime:0.000000s ]
INFO: [ app_begin ] --END-- [ RunTime:0.000000s ]
INFO: [ view_begin ] --START--
INFO: Run Home\Behaviors\testBehavior [ RunTime:0.001000s ]
INFO: [ view_begin ] --END-- [ RunTime:0.001000s ]
INFO: [ view_parse ] --START--
INFO: [ template_filter ] --START--
INFO: Run Behavior\ContentReplaceBehavior [ RunTime:0.000000s ]
INFO: [ template_filter ] --END-- [ RunTime:0.000000s ]
INFO: Run Behavior\ParseTemplateBehavior [ RunTime:0.012001s ]
INFO: [ view_parse ] --END-- [ RunTime:0.012001s ]
INFO: [ view_filter ] --START--
INFO: Run Behavior\WriteHtmlCacheBehavior [ RunTime:0.000000s ]
INFO: Run Behavior\TokenBuildBehavior [ RunTime:0.001000s ]
INFO: [ view_filter ] --END-- [ RunTime:0.001000s ]

