[ 2017-06-26T13:48:25+08:00 ] 127.0.0.1 /index.php/admin
INFO: [ app_init ] --START--
INFO: Run Behavior\BuildLiteBehavior [ RunTime:0.000000s ]
INFO: [ app_init ] --END-- [ RunTime:0.139008s ]
INFO: [ app_begin ] --START--
INFO: Run Behavior\ReadHtmlCacheBehavior [ RunTime:0.065004s ]
INFO: [ app_begin ] --END-- [ RunTime:0.065004s ]
INFO: [ view_begin ] --START--
INFO: Run Home\Behaviors\testBehavior [ RunTime:0.062003s ]
INFO: [ view_begin ] --END-- [ RunTime:0.062003s ]
INFO: [ view_parse ] --START--
INFO: [ template_filter ] --START--
INFO: Run Behavior\ContentReplaceBehavior [ RunTime:0.000000s ]
INFO: [ template_filter ] --END-- [ RunTime:0.000000s ]
INFO: Run Behavior\ParseTemplateBehavior [ RunTime:0.274015s ]
INFO: [ view_parse ] --END-- [ RunTime:0.274015s ]
INFO: [ view_filter ] --START--
INFO: Run Behavior\WriteHtmlCacheBehavior [ RunTime:0.087005s ]
INFO: Run Behavior\TokenBuildBehavior [ RunTime:0.020002s ]
INFO: [ view_filter ] --END-- [ RunTime:0.108007s ]

[ 2017-06-26T13:48:30+08:00 ] 127.0.0.1 /index.php/Admin/Admin/login
INFO: [ app_init ] --START--
INFO: Run Behavior\BuildLiteBehavior [ RunTime:0.000000s ]
INFO: [ app_init ] --END-- [ RunTime:0.000000s ]
INFO: [ app_begin ] --START--
INFO: Run Behavior\ReadHtmlCacheBehavior [ RunTime:0.001000s ]
INFO: [ app_begin ] --END-- [ RunTime:0.001000s ]
NOTIC: [8] Undefined index: login D:\AppServ\www\fanka\Application\Admin\Common\function.php 第 69 行.
INFO: [ view_begin ] --START--
INFO: Run Home\Behaviors\testBehavior [ RunTime:0.001000s ]
INFO: [ view_begin ] --END-- [ RunTime:0.001000s ]
INFO: [ view_parse ] --START--
INFO: [ template_filter ] --START--
INFO: Run Behavior\ContentReplaceBehavior [ RunTime:0.000000s ]
INFO: [ template_filter ] --END-- [ RunTime:0.000000s ]
INFO: Run Behavior\ParseTemplateBehavior [ RunTime:0.032002s ]
INFO: [ view_parse ] --END-- [ RunTime:0.032002s ]
INFO: [ view_filter ] --START--
INFO: Run Behavior\WriteHtmlCacheBehavior [ RunTime:0.000000s ]
INFO: Run Behavior\TokenBuildBehavior [ RunTime:0.001000s ]
INFO: [ view_filter ] --END-- [ RunTime:0.001000s ]
INFO: [ app_end ] --START--
INFO: Run Behavior\ShowPageTraceBehavior [ RunTime:0.015001s ]
INFO: [ app_end ] --END-- [ RunTime:0.015001s ]

[ 2017-06-26T13:48:31+08:00 ] 127.0.0.1 /index.php/Admin/Admin/vertify
INFO: [ app_init ] --START--
INFO: Run Behavior\BuildLiteBehavior [ RunTime:0.000000s ]
INFO: [ app_init ] --END-- [ RunTime:0.001000s ]
INFO: [ app_begin ] --START--
INFO: Run Behavior\ReadHtmlCacheBehavior [ RunTime:0.001000s ]
INFO: [ app_begin ] --END-- [ RunTime:0.001000s ]
NOTIC: [8] Undefined index: vertify D:\AppServ\www\fanka\Application\Admin\Common\function.php 第 69 行.
INFO: [ app_end ] --START--
INFO: Run Behavior\ShowPageTraceBehavior [ RunTime:0.001000s ]
INFO: [ app_end ] --END-- [ RunTime:0.001000s ]

[ 2017-06-26T13:48:49+08:00 ] 127.0.0.1 /index.php?m=Admin&c=Admin&a=vertify&r=29
INFO: [ app_init ] --START--
INFO: Run Behavior\BuildLiteBehavior [ RunTime:0.000000s ]
INFO: [ app_init ] --END-- [ RunTime:0.001000s ]
INFO: [ app_begin ] --START--
INFO: Run Behavior\ReadHtmlCacheBehavior [ RunTime:0.003000s ]
INFO: [ app_begin ] --END-- [ RunTime:0.004001s ]
NOTIC: [8] Undefined index: vertify D:\AppServ\www\fanka\Application\Admin\Common\function.php 第 69 行.
INFO: [ app_end ] --START--
INFO: Run Behavior\ShowPageTraceBehavior [ RunTime:0.001001s ]
INFO: [ app_end ] --END-- [ RunTime:0.001001s ]

[ 2017-06-26T13:48:50+08:00 ] 127.0.0.1 /index.php?m=Admin&c=Admin&a=vertify&r=56
INFO: [ app_init ] --START--
INFO: Run Behavior\BuildLiteBehavior [ RunTime:0.000000s ]
INFO: [ app_init ] --END-- [ RunTime:0.001000s ]
INFO: [ app_begin ] --START--
INFO: Run Behavior\ReadHtmlCacheBehavior [ RunTime:0.001000s ]
INFO: [ app_begin ] --END-- [ RunTime:0.001000s ]
NOTIC: [8] Undefined index: vertify D:\AppServ\www\fanka\Application\Admin\Common\function.php 第 69 行.
INFO: [ app_end ] --START--
INFO: Run Behavior\ShowPageTraceBehavior [ RunTime:0.001001s ]
INFO: [ app_end ] --END-- [ RunTime:0.001001s ]

[ 2017-06-26T13:48:55+08:00 ] 127.0.0.1 /index.php?m=Admin&c=Admin&a=login&t=0.017548487505831156
INFO: [ app_init ] --START--
INFO: Run Behavior\BuildLiteBehavior [ RunTime:0.000000s ]
INFO: [ app_init ] --END-- [ RunTime:0.001000s ]
INFO: [ app_begin ] --START--
INFO: Run Behavior\ReadHtmlCacheBehavior [ RunTime:0.001000s ]
INFO: [ app_begin ] --END-- [ RunTime:0.001000s ]
NOTIC: [8] Undefined index: login D:\AppServ\www\fanka\Application\Admin\Common\function.php 第 69 行.

[ 2017-06-26T13:48:55+08:00 ] 127.0.0.1 /index.php/Admin/Index/index
INFO: [ app_init ] --START--
INFO: Run Behavior\BuildLiteBehavior [ RunTime:0.000000s ]
INFO: [ app_init ] --END-- [ RunTime:0.001000s ]
INFO: [ app_begin ] --START--
INFO: Run Behavior\ReadHtmlCacheBehavior [ RunTime:0.001000s ]
INFO: [ app_begin ] --END-- [ RunTime:0.001000s ]
INFO: [ view_begin ] --START--
INFO: Run Home\Behaviors\testBehavior [ RunTime:0.001001s ]
INFO: [ view_begin ] --END-- [ RunTime:0.001001s ]
INFO: [ view_parse ] --START--
INFO: [ template_filter ] --START--
INFO: Run Behavior\ContentReplaceBehavior [ RunTime:0.000000s ]
INFO: [ template_filter ] --END-- [ RunTime:0.000000s ]
INFO: Run Behavior\ParseTemplateBehavior [ RunTime:0.140008s ]
INFO: [ view_parse ] --END-- [ RunTime:0.140008s ]
INFO: [ view_filter ] --START--
INFO: Run Behavior\WriteHtmlCacheBehavior [ RunTime:0.001000s ]
INFO: Run Behavior\TokenBuildBehavior [ RunTime:0.002000s ]
INFO: [ view_filter ] --END-- [ RunTime:0.003000s ]
INFO: [ app_end ] --START--
INFO: Run Behavior\ShowPageTraceBehavior [ RunTime:0.001000s ]
INFO: [ app_end ] --END-- [ RunTime:0.001000s ]

[ 2017-06-26T13:48:57+08:00 ] 127.0.0.1 /index.php/Admin/System/login_task
INFO: [ app_init ] --START--
INFO: Run Behavior\BuildLiteBehavior [ RunTime:0.000000s ]
INFO: [ app_init ] --END-- [ RunTime:0.001000s ]
INFO: [ app_begin ] --START--
INFO: Run Behavior\ReadHtmlCacheBehavior [ RunTime:0.001000s ]
INFO: [ app_begin ] --END-- [ RunTime:0.001000s ]
NOTIC: [8] Undefined index: login_task D:\AppServ\www\fanka\Application\Admin\Common\function.php 第 69 行.
NOTIC: [2] Invalid argument supplied for foreach() D:\AppServ\www\fanka\Application\Admin\Controller\SystemController.class.php 第 255 行.
INFO: [ app_end ] --START--
INFO: Run Behavior\ShowPageTraceBehavior [ RunTime:0.001000s ]
INFO: [ app_end ] --END-- [ RunTime:0.001000s ]

[ 2017-06-26T13:48:59+08:00 ] 127.0.0.1 /index.php/Admin/Index/welcome
INFO: [ app_init ] --START--
INFO: Run Behavior\BuildLiteBehavior [ RunTime:0.000000s ]
INFO: [ app_init ] --END-- [ RunTime:0.001000s ]
INFO: [ app_begin ] --START--
INFO: Run Behavior\ReadHtmlCacheBehavior [ RunTime:0.002000s ]
INFO: [ app_begin ] --END-- [ RunTime:0.002000s ]
NOTIC: [8] Undefined index: welcome D:\AppServ\www\fanka\Application\Admin\Common\function.php 第 69 行.
NOTIC: [8] Undefined index: version D:\AppServ\www\fanka\Application\Admin\Controller\IndexController.class.php 第 62 行.
INFO: [ view_begin ] --START--
INFO: Run Home\Behaviors\testBehavior [ RunTime:0.002000s ]
INFO: [ view_begin ] --END-- [ RunTime:0.002000s ]
INFO: [ view_parse ] --START--
INFO: [ template_filter ] --START--
INFO: Run Behavior\ContentReplaceBehavior [ RunTime:0.001000s ]
INFO: [ template_filter ] --END-- [ RunTime:0.001000s ]
INFO: Run Behavior\ParseTemplateBehavior [ RunTime:0.204012s ]
INFO: [ view_parse ] --END-- [ RunTime:0.204012s ]
INFO: [ view_filter ] --START--
INFO: Run Behavior\WriteHtmlCacheBehavior [ RunTime:0.001000s ]
INFO: Run Behavior\TokenBuildBehavior [ RunTime:0.001000s ]
INFO: [ view_filter ] --END-- [ RunTime:0.002000s ]
INFO: [ app_end ] --START--
INFO: Run Behavior\ShowPageTraceBehavior [ RunTime:0.001000s ]
INFO: [ app_end ] --END-- [ RunTime:0.001000s ]

[ 2017-06-26T13:48:59+08:00 ] 127.0.0.1 /index.php/Admin/System/index
INFO: [ app_init ] --START--
INFO: Run Behavior\BuildLiteBehavior [ RunTime:0.000000s ]
INFO: [ app_init ] --END-- [ RunTime:0.000000s ]
INFO: [ app_begin ] --START--
INFO: Run Behavior\ReadHtmlCacheBehavior [ RunTime:0.001000s ]
INFO: [ app_begin ] --END-- [ RunTime:0.001000s ]
NOTIC: [8] Undefined index: province D:\AppServ\www\fanka\Application\Admin\Controller\SystemController.class.php 第 32 行.
NOTIC: [8] Undefined index: city D:\AppServ\www\fanka\Application\Admin\Controller\SystemController.class.php 第 33 行.
INFO: [ view_begin ] --START--
INFO: Run Home\Behaviors\testBehavior [ RunTime:0.001000s ]
INFO: [ view_begin ] --END-- [ RunTime:0.001000s ]
INFO: [ view_parse ] --START--
INFO: [ template_filter ] --START--
INFO: Run Behavior\ContentReplaceBehavior [ RunTime:0.000000s ]
INFO: [ template_filter ] --END-- [ RunTime:0.000000s ]
NOTIC: [8] Undefined index: mobile D:\AppServ\www\fanka\Application\Runtime\Cache\Admin\ca87e3a921666444dda363b69fdba826.php 第 200 行.
NOTIC: [8] Use of undefined constant province - assumed 'province' D:\AppServ\www\fanka\Application\Runtime\Cache\Admin\ca87e3a921666444dda363b69fdba826.php 第 209 行.
NOTIC: [8] Undefined index: province D:\AppServ\www\fanka\Application\Runtime\Cache\Admin\ca87e3a921666444dda363b69fdba826.php 第 209 行.
NOTIC: [8] Use of undefined constant id - assumed 'id' D:\AppServ\www\fanka\Application\Runtime\Cache\Admin\ca87e3a921666444dda363b69fdba826.php 第 209 行.
NOTIC: [8] Use of undefined constant province - assumed 'province' D:\AppServ\www\fanka\Application\Runtime\Cache\Admin\ca87e3a921666444dda363b69fdba826.php 第 209 行.
NOTIC: [8] Undefined index: province D:\AppServ\www\fanka\Application\Runtime\Cache\Admin\ca87e3a921666444dda363b69fdba826.php 第 209 行.
NOTIC: [8] Use of undefined constant id - assumed 'id' D:\AppServ\www\fanka\Application\Runtime\Cache\Admin\ca87e3a921666444dda363b69fdba826.php 第 209 行.
NOTIC: [8] Use of undefined constant province - assumed 'province' D:\AppServ\www\fanka\Application\Runtime\Cache\Admin\ca87e3a921666444dda363b69fdba826.php 第 209 行.
NOTIC: [8] Undefined index: province D:\AppServ\www\fanka\Application\Runtime\Cache\Admin\ca87e3a921666444dda363b69fdba826.php 第 209 行.
NOTIC: [8] Use of undefined constant id - assumed 'id' D:\AppServ\www\fanka\Application\Runtime\Cache\Admin\ca87e3a921666444dda363b69fdba826.php 第 209 行.
NOTIC: [8] Use of undefined constant province - assumed 'province' D:\AppServ\www\fanka\Application\Runtime\Cache\Admin\ca87e3a921666444dda363b69fdba826.php 第 209 行.
NOTIC: [8] Undefined index: province D:\AppServ\www\fanka\Application\Runtime\Cache\Admin\ca87e3a921666444dda363b69fdba826.php 第 209 行.
NOTIC: [8] Use of undefined constant id - assumed 'id' D:\AppServ\www\fanka\Application\Runtime\Cache\Admin\ca87e3a921666444dda363b69fdba826.php 第 209 行.
NOTIC: [8] Use of undefined constant province - assumed 'province' D:\AppServ\www\fanka\Application\Runtime\Cache\Admin\ca87e3a921666444dda363b69fdba826.php 第 209 行.
NOTIC: [8] Undefined index: province D:\AppServ\www\fanka\Application\Runtime\Cache\Admin\ca87e3a921666444dda363b69fdba826.php 第 209 行.
NOTIC: [8] Use of undefined constant id - assumed 'id' D:\AppServ\www\fanka\Application\Runtime\Cache\Admin\ca87e3a921666444dda363b69fdba826.php 第 209 行.
NOTIC: [8] Use of undefined constant province - assumed 'province' D:\AppServ\www\fanka\Application\Runtime\Cache\Admin\ca87e3a921666444dda363b69fdba826.php 第 209 行.
NOTIC: [8] Undefined index: province D:\AppServ\www\fanka\Application\Runtime\Cache\Admin\ca87e3a921666444dda363b69fdba826.php 第 209 行.
NOTIC: [8] Use of undefined constant id - assumed 'id' D:\AppServ\www\fanka\Application\Runtime\Cache\Admin\ca87e3a921666444dda363b69fdba826.php 第 209 行.
NOTIC: [8] Use of undefined constant province - assumed 'province' D:\AppServ\www\fanka\Application\Runtime\Cache\Admin\ca87e3a921666444dda363b69fdba826.php 第 209 行.
NOTIC: [8] Undefined index: province D:\AppServ\www\fanka\Application\Runtime\Cache\Admin\ca87e3a921666444dda363b69fdba826.php 第 209 行.
NOTIC: [8] Use of undefined constant id - assumed 'id' D:\AppServ\www\fanka\Application\Runtime\Cache\Admin\ca87e3a921666444dda363b69fdba826.php 第 209 行.
NOTIC: [8] Use of undefined constant province - assumed 'province' D:\AppServ\www\fanka\Application\Runtime\Cache\Admin\ca87e3a921666444dda363b69fdba826.php 第 209 行.
NOTIC: [8] Undefined index: province D:\AppServ\www\fanka\Application\Runtime\Cache\Admin\ca87e3a921666444dda363b69fdba826.php 第 209 行.
NOTIC: [8] Use of undefined constant id - assumed 'id' D:\AppServ\www\fanka\Application\Runtime\Cache\Admin\ca87e3a921666444dda363b69fdba826.php 第 209 行.
NOTIC: [8] Use of undefined constant province - assumed 'province' D:\AppServ\www\fanka\Application\Runtime\Cache\Admin\ca87e3a921666444dda363b69fdba826.php 第 209 行.
NOTIC: [8] Undefined index: province D:\AppServ\www\fanka\Application\Runtime\Cache\Admin\ca87e3a921666444dda363b69fdba826.php 第 209 行.
NOTIC: [8] Use of undefined constant id - assumed 'id' D:\AppServ\www\fanka\Application\Runtime\Cache\Admin\ca87e3a921666444dda363b69fdba826.php 第 209 行.
NOTIC: [8] Use of undefined constant province - assumed 'province' D:\AppServ\www\fanka\Application\Runtime\Cache\Admin\ca87e3a921666444dda363b69fdba826.php 第 209 行.
NOTIC: [8] Undefined index: province D:\AppServ\www\fanka\Application\Runtime\Cache\Admin\ca87e3a921666444dda363b69fdba826.php 第 209 行.
NOTIC: [8] Use of undefined constant id - assumed 'id' D:\AppServ\www\fanka\Application\Runtime\Cache\Admin\ca87e3a921666444dda363b69fdba826.php 第 209 行.
NOTIC: [8] Use of undefined constant province - assumed 'province' D:\AppServ\www\fanka\Application\Runtime\Cache\Admin\ca87e3a921666444dda363b69fdba826.php 第 209 行.
NOTIC: [8] Undefined index: province D:\AppServ\www\fanka\Application\Runtime\Cache\Admin\ca87e3a921666444dda363b69fdba826.php 第 209 行.
NOTIC: [8] Use of undefined constant id - assumed 'id' D:\AppServ\www\fanka\Application\Runtime\Cache\Admin\ca87e3a921666444dda363b69fdba826.php 第 209 行.
NOTIC: [8] Use of undefined constant province - assumed 'province' D:\AppServ\www\fanka\Application\Runtime\Cache\Admin\ca87e3a921666444dda363b69fdba826.php 第 209 行.
NOTIC: [8] Undefined index: province D:\AppServ\www\fanka\Application\Runtime\Cache\Admin\ca87e3a921666444dda363b69fdba826.php 第 209 行.
NOTIC: [8] Use of undefined constant id - assumed 'id' D:\AppServ\www\fanka\Application\Runtime\Cache\Admin\ca87e3a921666444dda363b69fdba826.php 第 209 行.
NOTIC: [8] Use of undefined constant province - assumed 'province' D:\AppServ\www\fanka\Application\Runtime\Cache\Admin\ca87e3a921666444dda363b69fdba826.php 第 209 行.
NOTIC: [8] Undefined index: province D:\AppServ\www\fanka\Application\Runtime\Cache\Admin\ca87e3a921666444dda363b69fdba826.php 第 209 行.
NOTIC: [8] Use of undefined constant id - assumed 'id' D:\AppServ\www\fanka\Application\Runtime\Cache\Admin\ca87e3a921666444dda363b69fdba826.php 第 209 行.
NOTIC: [8] Use of undefined constant province - assumed 'province' D:\AppServ\www\fanka\Application\Runtime\Cache\Admin\ca87e3a921666444dda363b69fdba826.php 第 209 行.
NOTIC: [8] Undefined index: province D:\AppServ\www\fanka\Application\Runtime\Cache\Admin\ca87e3a921666444dda363b69fdba826.php 第 209 行.
NOTIC: [8] Use of undefined constant id - assumed 'id' D:\AppServ\www\fanka\Application\Runtime\Cache\Admin\ca87e3a921666444dda363b69fdba826.php 第 209 行.
NOTIC: [8] Use of undefined constant province - assumed 'province' D:\AppServ\www\fanka\Application\Runtime\Cache\Admin\ca87e3a921666444dda363b69fdba826.php 第 209 行.
NOTIC: [8] Undefined index: province D:\AppServ\www\fanka\Application\Runtime\Cache\Admin\ca87e3a921666444dda363b69fdba826.php 第 209 行.
NOTIC: [8] Use of undefined constant id - assumed 'id' D:\AppServ\www\fanka\Application\Runtime\Cache\Admin\ca87e3a921666444dda363b69fdba826.php 第 209 行.
NOTIC: [8] Use of undefined constant province - assumed 'province' D:\AppServ\www\fanka\Application\Runtime\Cache\Admin\ca87e3a921666444dda363b69fdba826.php 第 209 行.
NOTIC: [8] Undefined index: province D:\AppServ\www\fanka\Application\Runtime\Cache\Admin\ca87e3a921666444dda363b69fdba826.php 第 209 行.
NOTIC: [8] Use of undefined constant id - assumed 'id' D:\AppServ\www\fanka\Application\Runtime\Cache\Admin\ca87e3a921666444dda363b69fdba826.php 第 209 行.
NOTIC: [8] Use of undefined constant province - assumed 'province' D:\AppServ\www\fanka\Application\Runtime\Cache\Admin\ca87e3a921666444dda363b69fdba826.php 第 209 行.
NOTIC: [8] Undefined index: province D:\AppServ\www\fanka\Application\Runtime\Cache\Admin\ca87e3a921666444dda363b69fdba826.php 第 209 行.
NOTIC: [8] Use of undefined constant id - assumed 'id' D:\AppServ\www\fanka\Application\Runtime\Cache\Admin\ca87e3a921666444dda363b69fdba826.php 第 209 行.
NOTIC: [8] Use of undefined constant province - assumed 'province' D:\AppServ\www\fanka\Application\Runtime\Cache\Admin\ca87e3a921666444dda363b69fdba826.php 第 209 行.
NOTIC: [8] Undefined index: province D:\AppServ\www\fanka\Application\Runtime\Cache\Admin\ca87e3a921666444dda363b69fdba826.php 第 209 行.
NOTIC: [8] Use of undefined constant id - assumed 'id' D:\AppServ\www\fanka\Application\Runtime\Cache\Admin\ca87e3a921666444dda363b69fdba826.php 第 209 行.
NOTIC: [8] Use of undefined constant province - assumed 'province' D:\AppServ\www\fanka\Application\Runtime\Cache\Admin\ca87e3a921666444dda363b69fdba826.php 第 209 行.
NOTIC: [8] Undefined index: province D:\AppServ\www\fanka\Application\Runtime\Cache\Admin\ca87e3a921666444dda363b69fdba826.php 第 209 行.
NOTIC: [8] Use of undefined constant id - assumed 'id' D:\AppServ\www\fanka\Application\Runtime\Cache\Admin\ca87e3a921666444dda363b69fdba826.php 第 209 行.
NOTIC: [8] Use of undefined constant province - assumed 'province' D:\AppServ\www\fanka\Application\Runtime\Cache\Admin\ca87e3a921666444dda363b69fdba826.php 第 209 行.
NOTIC: [8] Undefined index: province D:\AppServ\www\fanka\Application\Runtime\Cache\Admin\ca87e3a921666444dda363b69fdba826.php 第 209 行.
NOTIC: [8] Use of undefined constant id - assumed 'id' D:\AppServ\www\fanka\Application\Runtime\Cache\Admin\ca87e3a921666444dda363b69fdba826.php 第 209 行.
NOTIC: [8] Use of undefined constant province - assumed 'province' D:\AppServ\www\fanka\Application\Runtime\Cache\Admin\ca87e3a921666444dda363b69fdba826.php 第 209 行.
NOTIC: [8] Undefined index: province D:\AppServ\www\fanka\Application\Runtime\Cache\Admin\ca87e3a921666444dda363b69fdba826.php 第 209 行.
NOTIC: [8] Use of undefined constant id - assumed 'id' D:\AppServ\www\fanka\Application\Runtime\Cache\Admin\ca87e3a921666444dda363b69fdba826.php 第 209 行.
NOTIC: [8] Use of undefined constant province - assumed 'province' D:\AppServ\www\fanka\Application\Runtime\Cache\Admin\ca87e3a921666444dda363b69fdba826.php 第 209 行.
NOTIC: [8] Undefined index: province D:\AppServ\www\fanka\Application\Runtime\Cache\Admin\ca87e3a921666444dda363b69fdba826.php 第 209 行.
NOTIC: [8] Use of undefined constant id - assumed 'id' D:\AppServ\www\fanka\Application\Runtime\Cache\Admin\ca87e3a921666444dda363b69fdba826.php 第 209 行.
NOTIC: [8] Use of undefined constant province - assumed 'province' D:\AppServ\www\fanka\Application\Runtime\Cache\Admin\ca87e3a921666444dda363b69fdba826.php 第 209 行.
NOTIC: [8] Undefined index: province D:\AppServ\www\fanka\Application\Runtime\Cache\Admin\ca87e3a921666444dda363b69fdba826.php 第 209 行.
NOTIC: [8] Use of undefined constant id - assumed 'id' D:\AppServ\www\fanka\Application\Runtime\Cache\Admin\ca87e3a921666444dda363b69fdba826.php 第 209 行.
NOTIC: [8] Use of undefined constant province - assumed 'province' D:\AppServ\www\fanka\Application\Runtime\Cache\Admin\ca87e3a921666444dda363b69fdba826.php 第 209 行.
NOTIC: [8] Undefined index: province D:\AppServ\www\fanka\Application\Runtime\Cache\Admin\ca87e3a921666444dda363b69fdba826.php 第 209 行.
NOTIC: [8] Use of undefined constant id - assumed 'id' D:\AppServ\www\fanka\Application\Runtime\Cache\Admin\ca87e3a921666444dda363b69fdba826.php 第 209 行.
NOTIC: [8] Use of undefined constant province - assumed 'province' D:\AppServ\www\fanka\Application\Runtime\Cache\Admin\ca87e3a921666444dda363b69fdba826.php 第 209 行.
NOTIC: [8] Undefined index: province D:\AppServ\www\fanka\Application\Runtime\Cache\Admin\ca87e3a921666444dda363b69fdba826.php 第 209 行.
NOTIC: [8] Use of undefined constant id - assumed 'id' D:\AppServ\www\fanka\Application\Runtime\Cache\Admin\ca87e3a921666444dda363b69fdba826.php 第 209 行.
NOTIC: [8] Use of undefined constant province - assumed 'province' D:\AppServ\www\fanka\Application\Runtime\Cache\Admin\ca87e3a921666444dda363b69fdba826.php 第 209 行.
NOTIC: [8] Undefined index: province D:\AppServ\www\fanka\Application\Runtime\Cache\Admin\ca87e3a921666444dda363b69fdba826.php 第 209 行.
NOTIC: [8] Use of undefined constant id - assumed 'id' D:\AppServ\www\fanka\Application\Runtime\Cache\Admin\ca87e3a921666444dda363b69fdba826.php 第 209 行.
NOTIC: [8] Use of undefined constant province - assumed 'province' D:\AppServ\www\fanka\Application\Runtime\Cache\Admin\ca87e3a921666444dda363b69fdba826.php 第 209 行.
NOTIC: [8] Undefined index: province D:\AppServ\www\fanka\Application\Runtime\Cache\Admin\ca87e3a921666444dda363b69fdba826.php 第 209 行.
NOTIC: [8] Use of undefined constant id - assumed 'id' D:\AppServ\www\fanka\Application\Runtime\Cache\Admin\ca87e3a921666444dda363b69fdba826.php 第 209 行.
NOTIC: [8] Use of undefined constant province - assumed 'province' D:\AppServ\www\fanka\Application\Runtime\Cache\Admin\ca87e3a921666444dda363b69fdba826.php 第 209 行.
NOTIC: [8] Undefined index: province D:\AppServ\www\fanka\Application\Runtime\Cache\Admin\ca87e3a921666444dda363b69fdba826.php 第 209 行.
NOTIC: [8] Use of undefined constant id - assumed 'id' D:\AppServ\www\fanka\Application\Runtime\Cache\Admin\ca87e3a921666444dda363b69fdba826.php 第 209 行.
NOTIC: [8] Use of undefined constant province - assumed 'province' D:\AppServ\www\fanka\Application\Runtime\Cache\Admin\ca87e3a921666444dda363b69fdba826.php 第 209 行.
NOTIC: [8] Undefined index: province D:\AppServ\www\fanka\Application\Runtime\Cache\Admin\ca87e3a921666444dda363b69fdba826.php 第 209 行.
NOTIC: [8] Use of undefined constant id - assumed 'id' D:\AppServ\www\fanka\Application\Runtime\Cache\Admin\ca87e3a921666444dda363b69fdba826.php 第 209 行.
NOTIC: [8] Use of undefined constant province - assumed 'province' D:\AppServ\www\fanka\Application\Runtime\Cache\Admin\ca87e3a921666444dda363b69fdba826.php 第 209 行.
NOTIC: [8] Undefined index: province D:\AppServ\www\fanka\Application\Runtime\Cache\Admin\ca87e3a921666444dda363b69fdba826.php 第 209 行.
NOTIC: [8] Use of undefined constant id - assumed 'id' D:\AppServ\www\fanka\Application\Runtime\Cache\Admin\ca87e3a921666444dda363b69fdba826.php 第 209 行.
NOTIC: [8] Use of undefined constant province - assumed 'province' D:\AppServ\www\fanka\Application\Runtime\Cache\Admin\ca87e3a921666444dda363b69fdba826.php 第 209 行.
NOTIC: [8] Undefined index: province D:\AppServ\www\fanka\Application\Runtime\Cache\Admin\ca87e3a921666444dda363b69fdba826.php 第 209 行.
NOTIC: [8] Use of undefined constant id - assumed 'id' D:\AppServ\www\fanka\Application\Runtime\Cache\Admin\ca87e3a921666444dda363b69fdba826.php 第 209 行.
NOTIC: [8] Use of undefined constant province - assumed 'province' D:\AppServ\www\fanka\Application\Runtime\Cache\Admin\ca87e3a921666444dda363b69fdba826.php 第 209 行.
NOTIC: [8] Undefined index: province D:\AppServ\www\fanka\Application\Runtime\Cache\Admin\ca87e3a921666444dda363b69fdba826.php 第 209 行.
NOTIC: [8] Use of undefined constant id - assumed 'id' D:\AppServ\www\fanka\Application\Runtime\Cache\Admin\ca87e3a921666444dda363b69fdba826.php 第 209 行.
NOTIC: [8] Use of undefined constant province - assumed 'province' D:\AppServ\www\fanka\Application\Runtime\Cache\Admin\ca87e3a921666444dda363b69fdba826.php 第 209 行.
NOTIC: [8] Undefined index: province D:\AppServ\www\fanka\Application\Runtime\Cache\Admin\ca87e3a921666444dda363b69fdba826.php 第 209 行.
NOTIC: [8] Use of undefined constant id - assumed 'id' D:\AppServ\www\fanka\Application\Runtime\Cache\Admin\ca87e3a921666444dda363b69fdba826.php 第 209 行.
NOTIC: [8] Use of undefined constant province - assumed 'province' D:\AppServ\www\fanka\Application\Runtime\Cache\Admin\ca87e3a921666444dda363b69fdba826.php 第 209 行.
NOTIC: [8] Undefined index: province D:\AppServ\www\fanka\Application\Runtime\Cache\Admin\ca87e3a921666444dda363b69fdba826.php 第 209 行.
NOTIC: [8] Use of undefined constant id - assumed 'id' D:\AppServ\www\fanka\Application\Runtime\Cache\Admin\ca87e3a921666444dda363b69fdba826.php 第 209 行.
INFO: Run Behavior\ParseTemplateBehavior [ RunTime:0.037003s ]
INFO: [ view_parse ] --END-- [ RunTime:0.037003s ]
INFO: [ view_filter ] --START--
INFO: Run Behavior\WriteHtmlCacheBehavior [ RunTime:0.001000s ]
INFO: Run Behavior\TokenBuildBehavior [ RunTime:0.001000s ]
INFO: [ view_filter ] --END-- [ RunTime:0.002000s ]
INFO: [ app_end ] --START--
INFO: Run Behavior\ShowPageTraceBehavior [ RunTime:0.001000s ]
INFO: [ app_end ] --END-- [ RunTime:0.001000s ]

[ 2017-06-26T13:49:01+08:00 ] 127.0.0.1 /index.php/Admin/System/index/inc_type/shopping
INFO: [ app_init ] --START--
INFO: Run Behavior\BuildLiteBehavior [ RunTime:0.000000s ]
INFO: [ app_init ] --END-- [ RunTime:0.000000s ]
INFO: [ app_begin ] --START--
INFO: Run Behavior\ReadHtmlCacheBehavior [ RunTime:0.001000s ]
INFO: [ app_begin ] --END-- [ RunTime:0.001000s ]
INFO: [ view_begin ] --START--
INFO: Run Home\Behaviors\testBehavior [ RunTime:0.000000s ]
INFO: [ view_begin ] --END-- [ RunTime:0.001000s ]
INFO: [ view_parse ] --START--
INFO: [ template_filter ] --START--
INFO: Run Behavior\ContentReplaceBehavior [ RunTime:0.000000s ]
INFO: [ template_filter ] --END-- [ RunTime:0.000000s ]
NOTIC: [8] Use of undefined constant point_rate - assumed 'point_rate' D:\AppServ\www\fanka\Application\Runtime\Cache\Admin\b8a6a5f0d49105a5691fc6ebbc2900ad.php 第 155 行.
NOTIC: [8] Use of undefined constant point_rate - assumed 'point_rate' D:\AppServ\www\fanka\Application\Runtime\Cache\Admin\b8a6a5f0d49105a5691fc6ebbc2900ad.php 第 156 行.
NOTIC: [8] Use of undefined constant point_rate - assumed 'point_rate' D:\AppServ\www\fanka\Application\Runtime\Cache\Admin\b8a6a5f0d49105a5691fc6ebbc2900ad.php 第 157 行.
NOTIC: [8] Use of undefined constant auto_confirm_date - assumed 'auto_confirm_date' D:\AppServ\www\fanka\Application\Runtime\Cache\Admin\b8a6a5f0d49105a5691fc6ebbc2900ad.php 第 164 行.
NOTIC: [8] Use of undefined constant auto_confirm_date - assumed 'auto_confirm_date' D:\AppServ\www\fanka\Application\Runtime\Cache\Admin\b8a6a5f0d49105a5691fc6ebbc2900ad.php 第 164 行.
NOTIC: [8] Use of undefined constant auto_confirm_date - assumed 'auto_confirm_date' D:\AppServ\www\fanka\Application\Runtime\Cache\Admin\b8a6a5f0d49105a5691fc6ebbc2900ad.php 第 164 行.
NOTIC: [8] Use of undefined constant auto_confirm_date - assumed 'auto_confirm_date' D:\AppServ\www\fanka\Application\Runtime\Cache\Admin\b8a6a5f0d49105a5691fc6ebbc2900ad.php 第 164 行.
NOTIC: [8] Use of undefined constant auto_confirm_date - assumed 'auto_confirm_date' D:\AppServ\www\fanka\Application\Runtime\Cache\Admin\b8a6a5f0d49105a5691fc6ebbc2900ad.php 第 164 行.
NOTIC: [8] Use of undefined constant auto_confirm_date - assumed 'auto_confirm_date' D:\AppServ\www\fanka\Application\Runtime\Cache\Admin\b8a6a5f0d49105a5691fc6ebbc2900ad.php 第 164 行.
NOTIC: [8] Use of undefined constant auto_confirm_date - assumed 'auto_confirm_date' D:\AppServ\www\fanka\Application\Runtime\Cache\Admin\b8a6a5f0d49105a5691fc6ebbc2900ad.php 第 164 行.
NOTIC: [8] Use of undefined constant auto_confirm_date - assumed 'auto_confirm_date' D:\AppServ\www\fanka\Application\Runtime\Cache\Admin\b8a6a5f0d49105a5691fc6ebbc2900ad.php 第 164 行.
NOTIC: [8] Use of undefined constant auto_confirm_date - assumed 'auto_confirm_date' D:\AppServ\www\fanka\Application\Runtime\Cache\Admin\b8a6a5f0d49105a5691fc6ebbc2900ad.php 第 164 行.
NOTIC: [8] Use of undefined constant auto_confirm_date - assumed 'auto_confirm_date' D:\AppServ\www\fanka\Application\Runtime\Cache\Admin\b8a6a5f0d49105a5691fc6ebbc2900ad.php 第 164 行.
NOTIC: [8] Use of undefined constant auto_confirm_date - assumed 'auto_confirm_date' D:\AppServ\www\fanka\Application\Runtime\Cache\Admin\b8a6a5f0d49105a5691fc6ebbc2900ad.php 第 164 行.
NOTIC: [8] Use of undefined constant auto_confirm_date - assumed 'auto_confirm_date' D:\AppServ\www\fanka\Application\Runtime\Cache\Admin\b8a6a5f0d49105a5691fc6ebbc2900ad.php 第 164 行.
NOTIC: [8] Use of undefined constant auto_confirm_date - assumed 'auto_confirm_date' D:\AppServ\www\fanka\Application\Runtime\Cache\Admin\b8a6a5f0d49105a5691fc6ebbc2900ad.php 第 164 行.
NOTIC: [8] Use of undefined constant auto_confirm_date - assumed 'auto_confirm_date' D:\AppServ\www\fanka\Application\Runtime\Cache\Admin\b8a6a5f0d49105a5691fc6ebbc2900ad.php 第 164 行.
NOTIC: [8] Use of undefined constant auto_confirm_date - assumed 'auto_confirm_date' D:\AppServ\www\fanka\Application\Runtime\Cache\Admin\b8a6a5f0d49105a5691fc6ebbc2900ad.php 第 164 行.
NOTIC: [8] Use of undefined constant auto_confirm_date - assumed 'auto_confirm_date' D:\AppServ\www\fanka\Application\Runtime\Cache\Admin\b8a6a5f0d49105a5691fc6ebbc2900ad.php 第 164 行.
NOTIC: [8] Use of undefined constant auto_confirm_date - assumed 'auto_confirm_date' D:\AppServ\www\fanka\Application\Runtime\Cache\Admin\b8a6a5f0d49105a5691fc6ebbc2900ad.php 第 164 行.
NOTIC: [8] Use of undefined constant auto_confirm_date - assumed 'auto_confirm_date' D:\AppServ\www\fanka\Application\Runtime\Cache\Admin\b8a6a5f0d49105a5691fc6ebbc2900ad.php 第 164 行.
NOTIC: [8] Use of undefined constant auto_confirm_date - assumed 'auto_confirm_date' D:\AppServ\www\fanka\Application\Runtime\Cache\Admin\b8a6a5f0d49105a5691fc6ebbc2900ad.php 第 164 行.
NOTIC: [8] Use of undefined constant auto_confirm_date - assumed 'auto_confirm_date' D:\AppServ\www\fanka\Application\Runtime\Cache\Admin\b8a6a5f0d49105a5691fc6ebbc2900ad.php 第 164 行.
NOTIC: [8] Use of undefined constant auto_confirm_date - assumed 'auto_confirm_date' D:\AppServ\www\fanka\Application\Runtime\Cache\Admin\b8a6a5f0d49105a5691fc6ebbc2900ad.php 第 164 行.
NOTIC: [8] Use of undefined constant auto_confirm_date - assumed 'auto_confirm_date' D:\AppServ\www\fanka\Application\Runtime\Cache\Admin\b8a6a5f0d49105a5691fc6ebbc2900ad.php 第 164 行.
NOTIC: [8] Use of undefined constant auto_confirm_date - assumed 'auto_confirm_date' D:\AppServ\www\fanka\Application\Runtime\Cache\Admin\b8a6a5f0d49105a5691fc6ebbc2900ad.php 第 164 行.
NOTIC: [8] Use of undefined constant auto_confirm_date - assumed 'auto_confirm_date' D:\AppServ\www\fanka\Application\Runtime\Cache\Admin\b8a6a5f0d49105a5691fc6ebbc2900ad.php 第 164 行.
NOTIC: [8] Use of undefined constant auto_confirm_date - assumed 'auto_confirm_date' D:\AppServ\www\fanka\Application\Runtime\Cache\Admin\b8a6a5f0d49105a5691fc6ebbc2900ad.php 第 164 行.
NOTIC: [8] Use of undefined constant auto_confirm_date - assumed 'auto_confirm_date' D:\AppServ\www\fanka\Application\Runtime\Cache\Admin\b8a6a5f0d49105a5691fc6ebbc2900ad.php 第 164 行.
NOTIC: [8] Use of undefined constant auto_confirm_date - assumed 'auto_confirm_date' D:\AppServ\www\fanka\Application\Runtime\Cache\Admin\b8a6a5f0d49105a5691fc6ebbc2900ad.php 第 164 行.
NOTIC: [8] Use of undefined constant auto_confirm_date - assumed 'auto_confirm_date' D:\AppServ\www\fanka\Application\Runtime\Cache\Admin\b8a6a5f0d49105a5691fc6ebbc2900ad.php 第 164 行.
NOTIC: [8] Use of undefined constant auto_confirm_date - assumed 'auto_confirm_date' D:\AppServ\www\fanka\Application\Runtime\Cache\Admin\b8a6a5f0d49105a5691fc6ebbc2900ad.php 第 164 行.
NOTIC: [8] Use of undefined constant auto_confirm_date - assumed 'auto_confirm_date' D:\AppServ\www\fanka\Application\Runtime\Cache\Admin\b8a6a5f0d49105a5691fc6ebbc2900ad.php 第 164 行.
NOTIC: [8] Use of undefined constant reduce - assumed 'reduce' D:\AppServ\www\fanka\Application\Runtime\Cache\Admin\b8a6a5f0d49105a5691fc6ebbc2900ad.php 第 171 行.
NOTIC: [8] Undefined index: reduce D:\AppServ\www\fanka\Application\Runtime\Cache\Admin\b8a6a5f0d49105a5691fc6ebbc2900ad.php 第 171 行.
NOTIC: [8] Use of undefined constant reduce - assumed 'reduce' D:\AppServ\www\fanka\Application\Runtime\Cache\Admin\b8a6a5f0d49105a5691fc6ebbc2900ad.php 第 172 行.
NOTIC: [8] Undefined index: reduce D:\AppServ\www\fanka\Application\Runtime\Cache\Admin\b8a6a5f0d49105a5691fc6ebbc2900ad.php 第 172 行.
INFO: Run Behavior\ParseTemplateBehavior [ RunTime:0.031002s ]
INFO: [ view_parse ] --END-- [ RunTime:0.031002s ]
INFO: [ view_filter ] --START--
INFO: Run Behavior\WriteHtmlCacheBehavior [ RunTime:0.001000s ]
INFO: Run Behavior\TokenBuildBehavior [ RunTime:0.000000s ]
INFO: [ view_filter ] --END-- [ RunTime:0.001000s ]
INFO: [ app_end ] --START--
INFO: Run Behavior\ShowPageTraceBehavior [ RunTime:0.001000s ]
INFO: [ app_end ] --END-- [ RunTime:0.001000s ]

[ 2017-06-26T13:49:01+08:00 ] 127.0.0.1 /index.php?m=Admin&c=Api&a=getRegion&level=1&parent_id=0
INFO: [ app_init ] --START--
INFO: Run Behavior\BuildLiteBehavior [ RunTime:0.000000s ]
INFO: [ app_init ] --END-- [ RunTime:0.000000s ]
INFO: [ app_begin ] --START--
INFO: Run Behavior\ReadHtmlCacheBehavior [ RunTime:0.001000s ]
INFO: [ app_begin ] --END-- [ RunTime:0.001000s ]
NOTIC: [8] Undefined index: admin/api D:\AppServ\www\fanka\Application\Admin\Common\function.php 第 68 行.
NOTIC: [8] Undefined index: admin/api D:\AppServ\www\fanka\Application\Admin\Common\function.php 第 69 行.
INFO: [ app_end ] --START--
INFO: Run Behavior\ShowPageTraceBehavior [ RunTime:0.002000s ]
INFO: [ app_end ] --END-- [ RunTime:0.002000s ]

[ 2017-06-26T13:49:05+08:00 ] 127.0.0.1 /index.php/Admin/System/index/inc_type/basic
INFO: [ app_init ] --START--
INFO: Run Behavior\BuildLiteBehavior [ RunTime:0.000000s ]
INFO: [ app_init ] --END-- [ RunTime:0.000000s ]
INFO: [ app_begin ] --START--
INFO: Run Behavior\ReadHtmlCacheBehavior [ RunTime:0.000000s ]
INFO: [ app_begin ] --END-- [ RunTime:0.001000s ]
INFO: [ view_begin ] --START--
INFO: Run Home\Behaviors\testBehavior [ RunTime:0.001000s ]
INFO: [ view_begin ] --END-- [ RunTime:0.001000s ]
INFO: [ view_parse ] --START--
INFO: [ template_filter ] --START--
INFO: Run Behavior\ContentReplaceBehavior [ RunTime:0.000000s ]
INFO: [ template_filter ] --END-- [ RunTime:0.000000s ]
NOTIC: [8] Use of undefined constant file_size - assumed 'file_size' D:\AppServ\www\fanka\Application\Runtime\Cache\Admin\dd180a00c48425e3c711579b566d9ec4.php 第 164 行.
NOTIC: [8] Use of undefined constant file_size - assumed 'file_size' D:\AppServ\www\fanka\Application\Runtime\Cache\Admin\dd180a00c48425e3c711579b566d9ec4.php 第 165 行.
NOTIC: [8] Use of undefined constant file_size - assumed 'file_size' D:\AppServ\www\fanka\Application\Runtime\Cache\Admin\dd180a00c48425e3c711579b566d9ec4.php 第 166 行.
NOTIC: [8] Use of undefined constant file_size - assumed 'file_size' D:\AppServ\www\fanka\Application\Runtime\Cache\Admin\dd180a00c48425e3c711579b566d9ec4.php 第 167 行.
NOTIC: [8] Use of undefined constant file_size - assumed 'file_size' D:\AppServ\www\fanka\Application\Runtime\Cache\Admin\dd180a00c48425e3c711579b566d9ec4.php 第 168 行.
NOTIC: [8] Use of undefined constant file_size - assumed 'file_size' D:\AppServ\www\fanka\Application\Runtime\Cache\Admin\dd180a00c48425e3c711579b566d9ec4.php 第 169 行.
NOTIC: [8] Use of undefined constant file_size - assumed 'file_size' D:\AppServ\www\fanka\Application\Runtime\Cache\Admin\dd180a00c48425e3c711579b566d9ec4.php 第 170 行.
NOTIC: [8] Use of undefined constant is_remind - assumed 'is_remind' D:\AppServ\www\fanka\Application\Runtime\Cache\Admin\dd180a00c48425e3c711579b566d9ec4.php 第 199 行.
NOTIC: [8] Use of undefined constant is_remind - assumed 'is_remind' D:\AppServ\www\fanka\Application\Runtime\Cache\Admin\dd180a00c48425e3c711579b566d9ec4.php 第 200 行.
NOTIC: [8] Use of undefined constant app_test - assumed 'app_test' D:\AppServ\www\fanka\Application\Runtime\Cache\Admin\dd180a00c48425e3c711579b566d9ec4.php 第 224 行.
NOTIC: [8] Use of undefined constant app_test - assumed 'app_test' D:\AppServ\www\fanka\Application\Runtime\Cache\Admin\dd180a00c48425e3c711579b566d9ec4.php 第 225 行.
INFO: Run Behavior\ParseTemplateBehavior [ RunTime:0.026002s ]
INFO: [ view_parse ] --END-- [ RunTime:0.026002s ]
INFO: [ view_filter ] --START--
INFO: Run Behavior\WriteHtmlCacheBehavior [ RunTime:0.001000s ]
INFO: Run Behavior\TokenBuildBehavior [ RunTime:0.001000s ]
INFO: [ view_filter ] --END-- [ RunTime:0.002000s ]
INFO: [ app_end ] --START--
INFO: Run Behavior\ShowPageTraceBehavior [ RunTime:0.001000s ]
INFO: [ app_end ] --END-- [ RunTime:0.001000s ]

[ 2017-06-26T13:49:05+08:00 ] 127.0.0.1 /index.php?m=Admin&c=Api&a=getRegion&level=1&parent_id=0
INFO: [ app_init ] --START--
INFO: Run Behavior\BuildLiteBehavior [ RunTime:0.000000s ]
INFO: [ app_init ] --END-- [ RunTime:0.000000s ]
INFO: [ app_begin ] --START--
INFO: Run Behavior\ReadHtmlCacheBehavior [ RunTime:0.001000s ]
INFO: [ app_begin ] --END-- [ RunTime:0.002000s ]
NOTIC: [8] Undefined index: admin/api D:\AppServ\www\fanka\Application\Admin\Common\function.php 第 68 行.
NOTIC: [8] Undefined index: admin/api D:\AppServ\www\fanka\Application\Admin\Common\function.php 第 69 行.
INFO: [ app_end ] --START--
INFO: Run Behavior\ShowPageTraceBehavior [ RunTime:0.001000s ]
INFO: [ app_end ] --END-- [ RunTime:0.001000s ]

